# JRE version: OpenJDK Runtime Environment Temurin-22.0.2+9 (22.0.2+9) (build 22.0.2+9)
# Java VM: OpenJDK 64-Bit Server VM Temurin-22.0.2+9 (22.0.2+9, mixed mode, tiered, compressed oops, compressed class ptrs, g1 gc, windows-amd64)
GC Precious Log:
 CardTable entry size: 512
 Card Set container configuration: InlinePtr #cards 5 size 8 Array Of Cards #cards 12 size 40 Howl #buckets 4 coarsen threshold 1843 Howl Bitmap #cards 512 size 80 coarsen threshold 460 Card regions per heap region 1 cards per card region 2048
 CPUs: 2 total, 2 available
 Memory: 3918M
 Large Page Support: Disabled
 NUMA Support: Disabled
 Compressed Oops: Enabled (32-bit)
 Heap Region Size: 1M
 Heap Min Capacity: 8M
 Heap Initial Capacity: 62M
 Heap Max Capacity: 980M
 Pre-touch: Disabled
 Parallel Workers: 2
 Concurrent Workers: 1
 Concurrent Refinement Workers: 2
 Periodic GC: Disabled
Heap:
 garbage-first heap   total reserved 1003520K, committed 34816K, used 23552K [0x00000000c2c00000, 0x0000000100000000)
  region size 1024K, 6 young (6144K), 2 survivors (2048K)
 Metaspace       used 47072K, committed 47616K, reserved 1114112K
  class space    used 5596K, committed 5824K, reserved 1048576K
GC Heap History (20 events):
Event: 24.340 GC heap before
{Heap before GC invocations=3 (full 0):
 garbage-first heap   total reserved 1003520K, committed 63488K, used 27720K [0x00000000c2c00000, 0x0000000100000000)
  region size 1024K, 24 young (24576K), 2 survivors (2048K)
 Metaspace       used 21177K, committed 21504K, reserved 1114112K
  class space    used 2318K, committed 2496K, reserved 1048576K
}
Event: 24.354 GC heap after
{Heap after GC invocations=4 (full 0):
 garbage-first heap   total reserved 1003520K, committed 63488K, used 9290K [0x00000000c2c00000, 0x0000000100000000)
  region size 1024K, 4 young (4096K), 4 survivors (4096K)
 Metaspace       used 21177K, committed 21504K, reserved 1114112K
  class space    used 2318K, committed 2496K, reserved 1048576K
}
Event: 26.833 GC heap before
{Heap before GC invocations=5 (full 0):
 garbage-first heap   total reserved 1003520K, committed 34816K, used 24650K [0x00000000c2c00000, 0x0000000100000000)
  region size 1024K, 20 young (20480K), 4 survivors (4096K)
 Metaspace       used 26263K, committed 26624K, reserved 1114112K
  class space    used 2903K, committed 3072K, reserved 1048576K
}
Event: 26.850 GC heap after
{Heap after GC invocations=6 (full 0):
 garbage-first heap   total reserved 1003520K, committed 34816K, used 10711K [0x00000000c2c00000, 0x0000000100000000)
  region size 1024K, 2 young (2048K), 2 survivors (2048K)
 Metaspace       used 26263K, committed 26624K, reserved 1114112K
  class space    used 2903K, committed 3072K, reserved 1048576K
}
Event: 28.717 GC heap before
{Heap before GC invocations=6 (full 0):
 garbage-first heap   total reserved 1003520K, committed 34816K, used 24023K [0x00000000c2c00000, 0x0000000100000000)
  region size 1024K, 16 young (16384K), 2 survivors (2048K)
 Metaspace       used 29216K, committed 29568K, reserved 1114112K
  class space    used 3292K, committed 3456K, reserved 1048576K
}
Event: 28.732 GC heap after
{Heap after GC invocations=7 (full 0):
 garbage-first heap   total reserved 1003520K, committed 34816K, used 12227K [0x00000000c2c00000, 0x0000000100000000)
  region size 1024K, 2 young (2048K), 2 survivors (2048K)
 Metaspace       used 29216K, committed 29568K, reserved 1114112K
  class space    used 3292K, committed 3456K, reserved 1048576K
}
Event: 31.611 GC heap before
{Heap before GC invocations=7 (full 0):
 garbage-first heap   total reserved 1003520K, committed 34816K, used 26563K [0x00000000c2c00000, 0x0000000100000000)
  region size 1024K, 16 young (16384K), 2 survivors (2048K)
 Metaspace       used 30808K, committed 31232K, reserved 1114112K
  class space    used 3477K, committed 3648K, reserved 1048576K
}
Event: 31.623 GC heap after
{Heap after GC invocations=8 (full 0):
 garbage-first heap   total reserved 1003520K, committed 34816K, used 14159K [0x00000000c2c00000, 0x0000000100000000)
  region size 1024K, 2 young (2048K), 2 survivors (2048K)
 Metaspace       used 30808K, committed 31232K, reserved 1114112K
  class space    used 3477K, committed 3648K, reserved 1048576K
}
Event: 33.885 GC heap before
{Heap before GC invocations=8 (full 0):
 garbage-first heap   total reserved 1003520K, committed 34816K, used 28495K [0x00000000c2c00000, 0x0000000100000000)
  region size 1024K, 16 young (16384K), 2 survivors (2048K)
 Metaspace       used 32770K, committed 33152K, reserved 1114112K
  class space    used 3728K, committed 3904K, reserved 1048576K
}
Event: 33.895 GC heap after
{Heap after GC invocations=9 (full 0):
 garbage-first heap   total reserved 1003520K, committed 34816K, used 15520K [0x00000000c2c00000, 0x0000000100000000)
  region size 1024K, 2 young (2048K), 2 survivors (2048K)
 Metaspace       used 32770K, committed 33152K, reserved 1114112K
  class space    used 3728K, committed 3904K, reserved 1048576K
}
Event: 36.194 GC heap before
{Heap before GC invocations=9 (full 0):
 garbage-first heap   total reserved 1003520K, committed 34816K, used 28832K [0x00000000c2c00000, 0x0000000100000000)
  region size 1024K, 15 young (15360K), 2 survivors (2048K)
 Metaspace       used 35052K, committed 35456K, reserved 1114112K
  class space    used 4042K, committed 4224K, reserved 1048576K
}
Event: 36.203 GC heap after
{Heap after GC invocations=10 (full 0):
 garbage-first heap   total reserved 1003520K, committed 34816K, used 16613K [0x00000000c2c00000, 0x0000000100000000)
  region size 1024K, 2 young (2048K), 2 survivors (2048K)
 Metaspace       used 35052K, committed 35456K, reserved 1114112K
  class space    used 4042K, committed 4224K, reserved 1048576K
}
Event: 36.895 GC heap before
{Heap before GC invocations=10 (full 0):
 garbage-first heap   total reserved 1003520K, committed 34816K, used 19685K [0x00000000c2c00000, 0x0000000100000000)
  region size 1024K, 6 young (6144K), 2 survivors (2048K)
 Metaspace       used 35575K, committed 35968K, reserved 1114112K
  class space    used 4133K, committed 4288K, reserved 1048576K
}
Event: 36.902 GC heap after
{Heap after GC invocations=11 (full 0):
 garbage-first heap   total reserved 1003520K, committed 34816K, used 17061K [0x00000000c2c00000, 0x0000000100000000)
  region size 1024K, 1 young (1024K), 1 survivors (1024K)
 Metaspace       used 35575K, committed 35968K, reserved 1114112K
  class space    used 4133K, committed 4288K, reserved 1048576K
}
Event: 39.839 GC heap before
{Heap before GC invocations=12 (full 0):
 garbage-first heap   total reserved 1003520K, committed 34816K, used 29349K [0x00000000c2c00000, 0x0000000100000000)
  region size 1024K, 13 young (13312K), 1 survivors (1024K)
 Metaspace       used 38557K, committed 39040K, reserved 1114112K
  class space    used 4579K, committed 4800K, reserved 1048576K
}
Event: 39.848 GC heap after
{Heap after GC invocations=13 (full 0):
 garbage-first heap   total reserved 1003520K, committed 34816K, used 18432K [0x00000000c2c00000, 0x0000000100000000)
  region size 1024K, 2 young (2048K), 2 survivors (2048K)
 Metaspace       used 38557K, committed 39040K, reserved 1114112K
  class space    used 4579K, committed 4800K, reserved 1048576K
}
Event: 41.785 GC heap before
{Heap before GC invocations=13 (full 0):
 garbage-first heap   total reserved 1003520K, committed 34816K, used 28672K [0x00000000c2c00000, 0x0000000100000000)
  region size 1024K, 13 young (13312K), 2 survivors (2048K)
 Metaspace       used 40435K, committed 40960K, reserved 1114112K
  class space    used 4792K, committed 4992K, reserved 1048576K
}
Event: 41.799 GC heap after
{Heap after GC invocations=14 (full 0):
 garbage-first heap   total reserved 1003520K, committed 34816K, used 18944K [0x00000000c2c00000, 0x0000000100000000)
  region size 1024K, 1 young (1024K), 1 survivors (1024K)
 Metaspace       used 40435K, committed 40960K, reserved 1114112K
  class space    used 4792K, committed 4992K, reserved 1048576K
}
Event: 55.891 GC heap before
{Heap before GC invocations=14 (full 0):
 garbage-first heap   total reserved 1003520K, committed 34816K, used 29184K [0x00000000c2c00000, 0x0000000100000000)
  region size 1024K, 12 young (12288K), 1 survivors (1024K)
 Metaspace       used 43509K, committed 44032K, reserved 1114112K
  class space    used 5168K, committed 5376K, reserved 1048576K
}
Event: 55.902 GC heap after
{Heap after GC invocations=15 (full 0):
 garbage-first heap   total reserved 1003520K, committed 34816K, used 20480K [0x00000000c2c00000, 0x0000000100000000)
  region size 1024K, 2 young (2048K), 2 survivors (2048K)
 Metaspace       used 43509K, committed 44032K, reserved 1114112K
  class space    used 5168K, committed 5376K, reserved 1048576K
}

